Tue, 13 Dec 2011 04:35:21 root         INFO     Satchmo Started
Tue, 13 Dec 2011 04:35:21 root         INFO     Satchmo Started
Tue, 13 Dec 2011 04:35:21 shop.listeners DEBUG    Added default shop listeners
Tue, 13 Dec 2011 04:35:21 satchmo_toolbar DEBUG    Satchmo toolbar ready
Tue, 13 Dec 2011 04:35:21 iterchoices  DEBUG    Management command: runserver
Tue, 13 Dec 2011 04:35:21 iterchoices  DEBUG    Called model choices initialization function <shipping_choices>
Tue, 13 Dec 2011 04:35:21 django.db.backends DEBUG    (0.008) SELECT "django_site"."id", "django_site"."domain", "django_site"."name" FROM "django_site" WHERE "django_site"."id" = 1 ; args=(1,)
Tue, 13 Dec 2011 04:35:21 django.db.backends DEBUG    (0.000) SELECT "livesettings_setting"."id", "livesettings_setting"."site_id", "livesettings_setting"."group", "livesettings_setting"."key", "livesettings_setting"."value" FROM "livesettings_setting" WHERE ("livesettings_setting"."site_id" = 1  AND "livesettings_setting"."site_id" = 1  AND "livesettings_setting"."group" = SHIPPING  AND "livesettings_setting"."key" = MODULES ); args=(1, 1, 'SHIPPING', 'MODULES')
Tue, 13 Dec 2011 04:35:21 django.db.backends DEBUG    (0.000) SELECT "livesettings_longsetting"."id", "livesettings_longsetting"."site_id", "livesettings_longsetting"."group", "livesettings_longsetting"."key", "livesettings_longsetting"."value" FROM "livesettings_longsetting" WHERE ("livesettings_longsetting"."site_id" = 1  AND "livesettings_longsetting"."site_id" = 1  AND "livesettings_longsetting"."group" = SHIPPING  AND "livesettings_longsetting"."key" = MODULES ); args=(1, 1, 'SHIPPING', 'MODULES')
Tue, 13 Dec 2011 04:35:21 iterchoices  DEBUG    Management command: runserver
Tue, 13 Dec 2011 04:35:21 iterchoices  DEBUG    Called model choices initialization function <labelled_gateway_choices>
Tue, 13 Dec 2011 04:35:21 django.db.backends DEBUG    (0.000) SELECT "livesettings_setting"."id", "livesettings_setting"."site_id", "livesettings_setting"."group", "livesettings_setting"."key", "livesettings_setting"."value" FROM "livesettings_setting" WHERE ("livesettings_setting"."site_id" = 1  AND "livesettings_setting"."site_id" = 1  AND "livesettings_setting"."group" = PAYMENT_DUMMY  AND "livesettings_setting"."key" = LABEL ); args=(1, 1, 'PAYMENT_DUMMY', 'LABEL')
Tue, 13 Dec 2011 04:35:21 django.db.backends DEBUG    (0.000) SELECT "livesettings_longsetting"."id", "livesettings_longsetting"."site_id", "livesettings_longsetting"."group", "livesettings_longsetting"."key", "livesettings_longsetting"."value" FROM "livesettings_longsetting" WHERE ("livesettings_longsetting"."site_id" = 1  AND "livesettings_longsetting"."site_id" = 1  AND "livesettings_longsetting"."group" = PAYMENT_DUMMY  AND "livesettings_longsetting"."key" = LABEL ); args=(1, 1, 'PAYMENT_DUMMY', 'LABEL')
Tue, 13 Dec 2011 04:35:21 django.db.backends DEBUG    (0.000) SELECT "livesettings_setting"."id", "livesettings_setting"."site_id", "livesettings_setting"."group", "livesettings_setting"."key", "livesettings_setting"."value" FROM "livesettings_setting" WHERE ("livesettings_setting"."site_id" = 1  AND "livesettings_setting"."site_id" = 1  AND "livesettings_setting"."group" = PAYMENT_DUMMY  AND "livesettings_setting"."key" = KEY ); args=(1, 1, 'PAYMENT_DUMMY', 'KEY')
Tue, 13 Dec 2011 04:35:21 django.db.backends DEBUG    (0.000) SELECT "livesettings_longsetting"."id", "livesettings_longsetting"."site_id", "livesettings_longsetting"."group", "livesettings_longsetting"."key", "livesettings_longsetting"."value" FROM "livesettings_longsetting" WHERE ("livesettings_longsetting"."site_id" = 1  AND "livesettings_longsetting"."site_id" = 1  AND "livesettings_longsetting"."group" = PAYMENT_DUMMY  AND "livesettings_longsetting"."key" = KEY ); args=(1, 1, 'PAYMENT_DUMMY', 'KEY')
Tue, 13 Dec 2011 04:35:21 iterchoices  DEBUG    Management command: runserver
Tue, 13 Dec 2011 04:35:21 iterchoices  DEBUG    Called model choices initialization function <labelled_gateway_choices>
Tue, 13 Dec 2011 04:35:21 iterchoices  DEBUG    Management command: runserver
Tue, 13 Dec 2011 04:35:21 iterchoices  DEBUG    Called model choices initialization function <credit_choices>
Tue, 13 Dec 2011 04:35:21 django.db.backends DEBUG    (0.000) SELECT "livesettings_setting"."id", "livesettings_setting"."site_id", "livesettings_setting"."group", "livesettings_setting"."key", "livesettings_setting"."value" FROM "livesettings_setting" WHERE ("livesettings_setting"."site_id" = 1  AND "livesettings_setting"."site_id" = 1  AND "livesettings_setting"."group" = PAYMENT_DUMMY  AND "livesettings_setting"."key" = CREDITCHOICES ); args=(1, 1, 'PAYMENT_DUMMY', 'CREDITCHOICES')
Tue, 13 Dec 2011 04:35:28 django.db.backends DEBUG    (0.001) SELECT "django_session"."session_key", "django_session"."session_data", "django_session"."expire_date" FROM "django_session" WHERE ("django_session"."session_key" = 18a01e827c7f05c79b973de65f5455b0  AND "django_session"."expire_date" > 2011-12-13 04:35:28.135786 ); args=('18a01e827c7f05c79b973de65f5455b0', u'2011-12-13 04:35:28.135786')
Tue, 13 Dec 2011 04:35:28 django.db.backends DEBUG    (0.000) SELECT "auth_user"."id", "auth_user"."username", "auth_user"."first_name", "auth_user"."last_name", "auth_user"."email", "auth_user"."password", "auth_user"."is_staff", "auth_user"."is_active", "auth_user"."is_superuser", "auth_user"."last_login", "auth_user"."date_joined" FROM "auth_user" WHERE "auth_user"."id" = 1 ; args=(1,)
